[08:00:02] 生成早间报告...
✅ AKShare 新闻模块初始化成功
📰 获取财经要闻...
0it [00:00, ?it/s]                  🌏 获取国际市场新闻...
✅ 第三方Tushare API初始化成功
✅ AKShare初始化成功
✅ 数据管理器V2初始化完成
   Tushare API: http://lianghua.nanyangqiankun.top
✅ 选股系统V3初始化完成

🚀 开始选股... (20260401)
📊 获取涨停股池...
✅ 涨停股池: 53只
💰 获取板块资金流...
✅ 热门板块: 2个
📈 获取指数数据...
✅ 获取指数: 000001.SH (22条)
✅ 市场趋势: 震荡
🎯 开始多维度评分...
✅ 获取K线: 600066.SH (22条)
✅ 获取K线: 600894.SH (22条)
✅ 获取K线: 600488.SH (22条)
✅ 获取K线: 603039.SH (22条)
✅ 获取K线: 300834.SZ (22条)
✅ 获取K线: 601908.SH (22条)
✅ 获取K线: 605299.SH (22条)
✅ 获取K线: 301079.SZ (22条)
✅ 获取K线: 600158.SH (22条)
✅ 获取K线: 603826.SH (22条)
✅ 获取K线: 301048.SZ (22条)
✅ 获取K线: 600502.SH (22条)
✅ 获取K线: 600528.SH (22条)
✅ 获取K线: 600495.SH (22条)
✅ 获取K线: 603657.SH (22条)
✅ 获取K线: 605162.SH (22条)
✅ 获取K线: 300992.SZ (17条)
✅ 获取K线: 301008.SZ (22条)
✅ 获取K线: 600250.SH (22条)
✅ 获取K线: 301255.SZ (22条)
✅ 获取K线: 600184.SH (22条)
✅ 获取K线: 603660.SH (22条)
✅ 获取K线: 605116.SH (22条)

✅ 评分完成，共 53 只候选股

📊 TOP10 候选股:
  1. 光电股份(600184) - 总分:53 [涨停:20 资金:0 技术:18]
  2. 宏昌科技(301008) - 总分:52 [涨停:28 资金:0 技术:19]
  3. 闽发铝业(2578) - 总分:50 [涨停:28 资金:0 技术:12]
  4. 神州高铁(8) - 总分:50 [涨停:28 资金:0 技术:12]
  5. 棒杰股份(2634) - 总分:50 [涨停:28 资金:0 技术:12]
  6. 平潭发展(592) - 总分:50 [涨停:28 资金:0 技术:12]
  7. 安徽建工(600502) - 总分:50 [涨停:28 资金:0 技术:12]
  8. 鹭燕医药(2788) - 总分:49 [涨停:20 资金:5 技术:12]
  9. 津药药业(600488) - 总分:47 [涨停:25 资金:0 技术:12]
  10. 顺灏股份(2565) - 总分:47 [涨停:20 资金:0 技术:12]
✅ 早间报告已保存: /root/.openclaw/workspace/reports/早间报告_20260401_0800.md

============================================================
🔥 热点推送脚本 - 2026-04-01 09:25:01
============================================================

📡 获取热点数据...
✅ 第三方Tushare API初始化成功
✅ AKShare初始化成功
✅ 数据管理器V2初始化完成
   Tushare API: http://lianghua.nanyangqiankun.top
📊 获取今日涨停股...
   涨停股: 53只
📊 获取板块资金流...
   板块数据: 496个

📝 生成的报告:
🔥 A股热点速递
📅 2026年04月01日 09:25（集合竞价结束）
========================================

📈 涨停股
   涨停总数: 53只
   首板: 45只
   连板: 8只

   热门涨停:
   • 平潭发展(592) 第2板 涨停时间--:--
   • 神剑股份(2361) 第4板 涨停时间--:--
   • 特发信息(70) 涨停时间--:--
   • 巨力索具(2342) 涨停时间--:--
   • 拓日新能(2218) 涨停时间--:--

🏆 热门板块（按资金流）
   • 消费电子零部件及 +15.50亿
   • 消费电子 +15.39亿
   • 营销代理 +10.21亿
   • 广告营销 +10.20亿
   • 国有大型银行Ⅲ +10.15亿
   • 医疗研发外包 +9.71亿
   • 贵金属 +9.14亿
   • 轨交设备Ⅲ +8.58亿

💡 概念题材
   • 电力: 6只涨停
   • 轨交设备: 4只涨停
   • 化学制药: 3只涨停
   • 塑料: 3只涨停
   • 汽车零部: 3只涨停

========================================
⏰ 推送时间: 09:25:01
📊 数据来源: 东方财富/AKShare
✅ 报告已保存: /root/.openclaw/workspace/reports/热点推送_20260401_0925.txt

📤 发送到飞书...
⚠️ 未配置飞书Token，跳过推送
