
==================================================
🔥 热门舆情监控 - 10:30:01
==================================================

📰 采集国内新闻...
🌍 采集国际新闻...
🐦 采集社交媒体...
检测到 55 条新闻
热门关键字匹配: 2 条
恐慌预警匹配: 0 条
📝 日志已保存: /root/.openclaw/workspace/reports/sentiment_log_20260401_1030.txt

📤 准备推送...

🟢 热门线索
📅 2026年04月01日 10:30
━━━━━━━━━━━━━━━━━━━━

🔥 热门关键字 (2条):
🟢 半导体板块持续走高 芯原股份涨超10%
   同花顺 | 09:43
🟡 伊朗总统： 伊朗有结束战争的意愿， 但要得到不再爆发冲突的保证 - rfi.fr
   Google News | 10:30

━━━━━━━━━━━━━━━━━━━━
📊 舆情概览: 共55条 | 🟢5利好 🔴3利空
⏰ 检测时间: 10:30


==================================================
🔥 热门舆情监控 - 10:40:01
==================================================

📰 采集国内新闻...
🌍 采集国际新闻...
🐦 采集社交媒体...
检测到 55 条新闻
热门关键字匹配: 2 条
恐慌预警匹配: 0 条
📝 日志已保存: /root/.openclaw/workspace/reports/sentiment_log_20260401_1040.txt

📤 准备推送...

🟢 热门线索
📅 2026年04月01日 10:40
━━━━━━━━━━━━━━━━━━━━

🔥 热门关键字 (2条):
🟢 美股黄金全线大涨！伊朗总统称伊方愿在诉求满足前提下结束战争 - 东方财富
   Google News | 10:40
🟡 特朗普：美国将在两到三周内结束对伊朗战争 - cnr.cn
   Google News | 10:40

━━━━━━━━━━━━━━━━━━━━
📊 舆情概览: 共55条 | 🟢5利好 🔴3利空
⏰ 检测时间: 10:40


==================================================
🔥 热门舆情监控 - 10:50:01
==================================================

📰 采集国内新闻...
🌍 采集国际新闻...
🐦 采集社交媒体...
检测到 55 条新闻
热门关键字匹配: 2 条
恐慌预警匹配: 0 条
📝 日志已保存: /root/.openclaw/workspace/reports/sentiment_log_20260401_1050.txt

📤 准备推送...

🟢 热门线索
📅 2026年04月01日 10:50
━━━━━━━━━━━━━━━━━━━━

🔥 热门关键字 (2条):
🟢 美股黄金全线大涨！伊朗总统称伊方愿在诉求满足前提下结束战争 - 东方财富
   Google News | 10:50
🟡 特朗普：美国将在两到三周内结束对伊朗战争 - cnr.cn
   Google News | 10:50

━━━━━━━━━━━━━━━━━━━━
📊 舆情概览: 共55条 | 🟢5利好 🔴3利空
⏰ 检测时间: 10:50


==================================================
🔥 热门舆情监控 - 11:00:01
==================================================

📰 采集国内新闻...
🌍 采集国际新闻...
🐦 采集社交媒体...
检测到 55 条新闻
热门关键字匹配: 2 条
恐慌预警匹配: 0 条
📝 日志已保存: /root/.openclaw/workspace/reports/sentiment_log_20260401_1100.txt

📤 准备推送...

🟢 热门线索
📅 2026年04月01日 11:00
━━━━━━━━━━━━━━━━━━━━

🔥 热门关键字 (2条):
🟢 拉普拉斯直线拉升触及涨停
   同花顺 | 10:59
🟡 伊朗总统： 伊朗有结束战争的意愿， 但要得到不再爆发冲突的保证 - rfi.fr
   Google News | 11:00

━━━━━━━━━━━━━━━━━━━━
📊 舆情概览: 共55条 | 🟢8利好 🔴3利空
⏰ 检测时间: 11:00


==================================================
🔥 热门舆情监控 - 11:10:02
==================================================

📰 采集国内新闻...
🌍 采集国际新闻...
🐦 采集社交媒体...
检测到 55 条新闻
热门关键字匹配: 2 条
恐慌预警匹配: 0 条
📝 日志已保存: /root/.openclaw/workspace/reports/sentiment_log_20260401_1110.txt

📤 准备推送...

🟢 热门线索
📅 2026年04月01日 11:10
━━━━━━━━━━━━━━━━━━━━

🔥 热门关键字 (2条):
🟢 拉普拉斯直线拉升触及涨停
   同花顺 | 10:59
🟡 伊朗总统： 伊朗有结束战争的意愿， 但要得到不再爆发冲突的保证 - rfi.fr
   Google News | 11:10

━━━━━━━━━━━━━━━━━━━━
📊 舆情概览: 共55条 | 🟢8利好 🔴3利空
⏰ 检测时间: 11:10


==================================================
🔥 热门舆情监控 - 11:20:01
==================================================

📰 采集国内新闻...
🌍 采集国际新闻...
🐦 采集社交媒体...
检测到 55 条新闻
热门关键字匹配: 4 条
恐慌预警匹配: 0 条
📝 日志已保存: /root/.openclaw/workspace/reports/sentiment_log_20260401_1120.txt

📤 准备推送...

🟡 热门动态
📅 2026年04月01日 11:20
━━━━━━━━━━━━━━━━━━━━

🔥 热门关键字 (4条):
🟢 拉普拉斯直线拉升触及涨停
   同花顺 | 10:59
🟡 伊朗总统： 伊朗有结束战争的意愿， 但要得到不再爆发冲突的保证 - rfi.fr
   Google News | 11:20
🟡 特朗普：美国将在两到三周内结束对伊朗战争 - cnr.cn
   Google News | 11:20
🟡 美国国务卿鲁比奥称结束伊朗战争终将到来 未来某个时候有可能与伊朗举行直接会谈 - 同花顺财经
   Google News | 11:20

━━━━━━━━━━━━━━━━━━━━
📊 舆情概览: 共55条 | 🟢7利好 🔴4利空
⏰ 检测时间: 11:20


==================================================
🔥 热门舆情监控 - 11:30:01
==================================================

📰 采集国内新闻...
🌍 采集国际新闻...
🐦 采集社交媒体...
检测到 55 条新闻
热门关键字匹配: 5 条
恐慌预警匹配: 0 条
📝 日志已保存: /root/.openclaw/workspace/reports/sentiment_log_20260401_1130.txt

📤 准备推送...

🟠 高度活跃
📅 2026年04月01日 11:30
━━━━━━━━━━━━━━━━━━━━

🔥 热门关键字 (5条):
🟢 拉普拉斯直线拉升触及涨停
   同花顺 | 10:59
🟢 传闻中标特斯拉光伏项目第二期，拉普拉斯股价涨停！公司回应：不太清楚
   同花顺 | 11:27
🟡 伊朗总统： 伊朗有结束战争的意愿， 但要得到不再爆发冲突的保证 - RFI
   Google News | 11:30
🟡 特朗普：美国将在两到三周内结束对伊朗战争 - cnr.cn
   Google News | 11:30
🟡 美国国务卿鲁比奥称结束伊朗战争终将到来 未来某个时候有可能与伊朗举行直接会谈 - 同花顺财经
   Google News | 11:30

━━━━━━━━━━━━━━━━━━━━
📊 舆情概览: 共55条 | 🟢7利好 🔴4利空
⏰ 检测时间: 11:30


==================================================
🔥 热门舆情监控 - 11:40:01
==================================================

📰 采集国内新闻...
🌍 采集国际新闻...
🐦 采集社交媒体...
检测到 55 条新闻
热门关键字匹配: 4 条
恐慌预警匹配: 0 条
📝 日志已保存: /root/.openclaw/workspace/reports/sentiment_log_20260401_1140.txt

📤 准备推送...

🟡 热门动态
📅 2026年04月01日 11:40
━━━━━━━━━━━━━━━━━━━━

🔥 热门关键字 (4条):
🟢 传闻中标特斯拉光伏项目第二期，拉普拉斯股价涨停！公司回应：不太清楚
   同花顺 | 11:27
🟡 伊朗总统： 伊朗有结束战争的意愿， 但要得到不再爆发冲突的保证 - RFI
   Google News | 11:40
🟡 特朗普：美国将在两到三周内结束对伊朗战争 - cnr.cn
   Google News | 11:40
🟡 鲁比奥：美国看到伊朗战争的“终点线” - 东方财富
   Google News | 11:40

━━━━━━━━━━━━━━━━━━━━
📊 舆情概览: 共55条 | 🟢5利好 🔴4利空
⏰ 检测时间: 11:40


==================================================
🔥 热门舆情监控 - 11:50:01
==================================================

📰 采集国内新闻...
🌍 采集国际新闻...
🐦 采集社交媒体...
检测到 55 条新闻
热门关键字匹配: 3 条
恐慌预警匹配: 0 条
📝 日志已保存: /root/.openclaw/workspace/reports/sentiment_log_20260401_1150.txt

📤 准备推送...

🟡 热门动态
📅 2026年04月01日 11:50
━━━━━━━━━━━━━━━━━━━━

🔥 热门关键字 (3条):
🟢 传闻中标特斯拉光伏项目第二期，拉普拉斯股价涨停！公司回应：不太清楚
   同花顺 | 11:27
🟡 伊朗总统： 伊朗有结束战争的意愿， 但要得到不再爆发冲突的保证 - rfi.fr
   Google News | 11:50
🟡 特朗普：美国将在两到三周内结束对伊朗战争 - 央广网
   Google News | 11:50

━━━━━━━━━━━━━━━━━━━━
📊 舆情概览: 共55条 | 🟢5利好 🔴3利空
⏰ 检测时间: 11:50


==================================================
🔥 热门舆情监控 - 12:00:01
==================================================

📰 采集国内新闻...
🌍 采集国际新闻...
🐦 采集社交媒体...
检测到 55 条新闻
热门关键字匹配: 2 条
恐慌预警匹配: 0 条
📝 日志已保存: /root/.openclaw/workspace/reports/sentiment_log_20260401_1200.txt

📤 准备推送...

🟢 热门线索
📅 2026年04月01日 12:00
━━━━━━━━━━━━━━━━━━━━

🔥 热门关键字 (2条):
🟢 传闻中标特斯拉光伏项目第二期，拉普拉斯股价涨停！公司回应：不太清楚
   同花顺 | 11:27
🟡 鲁比奥：美国看到伊朗战争的“终点线” - 东方财富
   Google News | 12:00

━━━━━━━━━━━━━━━━━━━━
📊 舆情概览: 共55条 | 🟢4利好 🔴3利空
⏰ 检测时间: 12:00


==================================================
🔥 热门舆情监控 - 12:10:02
==================================================

📰 采集国内新闻...
🌍 采集国际新闻...
🐦 采集社交媒体...
检测到 55 条新闻
热门关键字匹配: 2 条
恐慌预警匹配: 0 条
📝 日志已保存: /root/.openclaw/workspace/reports/sentiment_log_20260401_1210.txt

📤 准备推送...

🟢 热门线索
📅 2026年04月01日 12:10
━━━━━━━━━━━━━━━━━━━━

🔥 热门关键字 (2条):
🟡 鲁比奥：美国看到伊朗战争的“终点线” - 东方财富
   Google News | 12:10
🟡 特朗普：美国将在两到三周内结束对伊朗战争 - 央广网
   Google News | 12:10

━━━━━━━━━━━━━━━━━━━━
📊 舆情概览: 共55条 | 🟢4利好 🔴3利空
⏰ 检测时间: 12:10


==================================================
🔥 热门舆情监控 - 12:20:01
==================================================

📰 采集国内新闻...
🌍 采集国际新闻...
🐦 采集社交媒体...
检测到 55 条新闻
热门关键字匹配: 3 条
恐慌预警匹配: 0 条
📝 日志已保存: /root/.openclaw/workspace/reports/sentiment_log_20260401_1220.txt

📤 准备推送...

🟡 热门动态
📅 2026年04月01日 12:20
━━━━━━━━━━━━━━━━━━━━

🔥 热门关键字 (3条):
🟡 伊朗总统： 伊朗有结束战争的意愿， 但要得到不再爆发冲突的保证 - RFI
   Google News | 12:20
🟡 鲁比奥：美国看到伊朗战争的“终点线” - 东方财富
   Google News | 12:20
🟡 特朗普：美国将在两到三周内结束对伊朗战争 - 央广网
   Google News | 12:20

━━━━━━━━━━━━━━━━━━━━
📊 舆情概览: 共55条 | 🟢4利好 🔴3利空
⏰ 检测时间: 12:20


==================================================
🔥 热门舆情监控 - 12:30:01
==================================================

📰 采集国内新闻...
🌍 采集国际新闻...
🐦 采集社交媒体...
检测到 55 条新闻
热门关键字匹配: 2 条
恐慌预警匹配: 0 条
📝 日志已保存: /root/.openclaw/workspace/reports/sentiment_log_20260401_1230.txt

📤 准备推送...

🟢 热门线索
📅 2026年04月01日 12:30
━━━━━━━━━━━━━━━━━━━━

🔥 热门关键字 (2条):
🟡 伊朗总统： 伊朗有结束战争的意愿， 但要得到不再爆发冲突的保证 - RFI
   Google News | 12:30
🟡 鲁比奥：美国看到伊朗战争的“终点线” - 东方财富
   Google News | 12:30

━━━━━━━━━━━━━━━━━━━━
📊 舆情概览: 共55条 | 🟢3利好 🔴3利空
⏰ 检测时间: 12:30


==================================================
🔥 热门舆情监控 - 12:40:01
==================================================

📰 采集国内新闻...
🌍 采集国际新闻...
🐦 采集社交媒体...
检测到 55 条新闻
热门关键字匹配: 2 条
恐慌预警匹配: 0 条
📝 日志已保存: /root/.openclaw/workspace/reports/sentiment_log_20260401_1240.txt

📤 准备推送...

🟢 热门线索
📅 2026年04月01日 12:40
━━━━━━━━━━━━━━━━━━━━

🔥 热门关键字 (2条):
🟡 伊朗总统： 伊朗有结束战争的意愿， 但要得到不再爆发冲突的保证 - RFI
   Google News | 12:40
🟡 鲁比奥：美国看到伊朗战争的“终点线” - 东方财富
   Google News | 12:40

━━━━━━━━━━━━━━━━━━━━
📊 舆情概览: 共55条 | 🟢3利好 🔴3利空
⏰ 检测时间: 12:40


==================================================
🔥 热门舆情监控 - 12:50:01
==================================================

📰 采集国内新闻...
🌍 采集国际新闻...
🐦 采集社交媒体...
检测到 55 条新闻
热门关键字匹配: 2 条
恐慌预警匹配: 0 条
📝 日志已保存: /root/.openclaw/workspace/reports/sentiment_log_20260401_1250.txt

📤 准备推送...

🟢 热门线索
📅 2026年04月01日 12:50
━━━━━━━━━━━━━━━━━━━━

🔥 热门关键字 (2条):
🟡 伊朗总统： 伊朗有结束战争的意愿， 但要得到不再爆发冲突的保证 - RFI
   Google News | 12:50
🟡 鲁比奥：美国看到伊朗战争的“终点线” - 东方财富
   Google News | 12:50

━━━━━━━━━━━━━━━━━━━━
📊 舆情概览: 共55条 | 🟢3利好 🔴3利空
⏰ 检测时间: 12:50


==================================================
🔥 热门舆情监控 - 13:00:01
==================================================

📰 采集国内新闻...
🌍 采集国际新闻...
🐦 采集社交媒体...
检测到 55 条新闻
热门关键字匹配: 1 条
恐慌预警匹配: 0 条
📝 日志已保存: /root/.openclaw/workspace/reports/sentiment_log_20260401_1300.txt

📤 准备推送...

🟢 热门线索
📅 2026年04月01日 13:00
━━━━━━━━━━━━━━━━━━━━

🔥 热门关键字 (1条):
🟡 鲁比奥：美国看到伊朗战争的“终点线” - 东方财富
   Google News | 13:00

━━━━━━━━━━━━━━━━━━━━
📊 舆情概览: 共55条 | 🟢4利好 🔴3利空
⏰ 检测时间: 13:00


==================================================
🔥 热门舆情监控 - 13:10:01
==================================================

📰 采集国内新闻...
🌍 采集国际新闻...
🐦 采集社交媒体...
检测到 55 条新闻
热门关键字匹配: 2 条
恐慌预警匹配: 0 条
📝 日志已保存: /root/.openclaw/workspace/reports/sentiment_log_20260401_1310.txt

📤 准备推送...

🟢 热门线索
📅 2026年04月01日 13:10
━━━━━━━━━━━━━━━━━━━━

🔥 热门关键字 (2条):
🟡 伊朗总统： 伊朗有结束战争的意愿， 但要得到不再爆发冲突的保证 - RFI
   Google News | 13:10
🟡 鲁比奥：美国看到伊朗战争的“终点线” - 东方财富
   Google News | 13:10

━━━━━━━━━━━━━━━━━━━━
📊 舆情概览: 共55条 | 🟢4利好 🔴4利空
⏰ 检测时间: 13:10


==================================================
🔥 热门舆情监控 - 13:20:01
==================================================

📰 采集国内新闻...
🌍 采集国际新闻...
🐦 采集社交媒体...
检测到 55 条新闻
热门关键字匹配: 1 条
恐慌预警匹配: 0 条
📝 日志已保存: /root/.openclaw/workspace/reports/sentiment_log_20260401_1320.txt

📤 准备推送...

🟢 热门线索
📅 2026年04月01日 13:20
━━━━━━━━━━━━━━━━━━━━

🔥 热门关键字 (1条):
🟡 鲁比奥：美国看到伊朗战争的“终点线” - 东方财富
   Google News | 13:20

━━━━━━━━━━━━━━━━━━━━
📊 舆情概览: 共55条 | 🟢4利好 🔴4利空
⏰ 检测时间: 13:20


==================================================
🔥 热门舆情监控 - 13:30:01
==================================================

📰 采集国内新闻...
🌍 采集国际新闻...
🐦 采集社交媒体...
检测到 55 条新闻
热门关键字匹配: 2 条
恐慌预警匹配: 0 条
📝 日志已保存: /root/.openclaw/workspace/reports/sentiment_log_20260401_1330.txt

📤 准备推送...

🟢 热门线索
📅 2026年04月01日 13:30
━━━━━━━━━━━━━━━━━━━━

🔥 热门关键字 (2条):
🟡 伊朗总统： 伊朗有结束战争的意愿， 但要得到不再爆发冲突的保证 - RFI
   Google News | 13:30
🟡 鲁比奥：美国看到伊朗战争的“终点线” - 东方财富
   Google News | 13:30

━━━━━━━━━━━━━━━━━━━━
📊 舆情概览: 共55条 | 🟢4利好 🔴4利空
⏰ 检测时间: 13:30


==================================================
🔥 热门舆情监控 - 13:40:01
==================================================

📰 采集国内新闻...
🌍 采集国际新闻...
🐦 采集社交媒体...
检测到 55 条新闻
热门关键字匹配: 3 条
恐慌预警匹配: 0 条
📝 日志已保存: /root/.openclaw/workspace/reports/sentiment_log_20260401_1340.txt

📤 准备推送...

🟡 热门动态
📅 2026年04月01日 13:40
━━━━━━━━━━━━━━━━━━━━

🔥 热门关键字 (3条):
🟡 鲁比奥：美国看到伊朗战争的“终点线” - 东方财富
   Google News | 13:40
🟡 伊朗总统： 伊朗有结束战争的意愿， 但要得到不再爆发冲突的保证 - rfi.fr
   Google News | 13:40
🟡 俄罗斯欢迎各国买油 日本被排除 制裁后果显现 - 中华军事
   Google News | 13:40

━━━━━━━━━━━━━━━━━━━━
📊 舆情概览: 共55条 | 🟢4利好 🔴5利空
⏰ 检测时间: 13:40


==================================================
🔥 热门舆情监控 - 13:50:01
==================================================

📰 采集国内新闻...
🌍 采集国际新闻...
🐦 采集社交媒体...
检测到 55 条新闻
热门关键字匹配: 3 条
恐慌预警匹配: 0 条
📝 日志已保存: /root/.openclaw/workspace/reports/sentiment_log_20260401_1350.txt

📤 准备推送...

🟡 热门动态
📅 2026年04月01日 13:50
━━━━━━━━━━━━━━━━━━━━

🔥 热门关键字 (3条):
🔴 上期所燃油主力合约大跌7% 欧线集运主力合约暴跌11%
   同花顺 | 13:40
🔴 上期所欧线集运主力合约暴跌13%
   同花顺 | 13:49
🟡 鲁比奥：美国看到伊朗战争的“终点线” - 东方财富
   Google News | 13:50

━━━━━━━━━━━━━━━━━━━━
📊 舆情概览: 共55条 | 🟢4利好 🔴6利空
⏰ 检测时间: 13:50


==================================================
🔥 热门舆情监控 - 14:00:01
==================================================

📰 采集国内新闻...
🌍 采集国际新闻...
🐦 采集社交媒体...
检测到 55 条新闻
热门关键字匹配: 4 条
恐慌预警匹配: 0 条
📝 日志已保存: /root/.openclaw/workspace/reports/sentiment_log_20260401_1400.txt

📤 准备推送...

🟡 热门动态
📅 2026年04月01日 14:00
━━━━━━━━━━━━━━━━━━━━

🔥 热门关键字 (4条):
🔴 上期所燃油主力合约大跌7% 欧线集运主力合约暴跌11%
   同花顺 | 13:40
🔴 上期所欧线集运主力合约暴跌13%
   同花顺 | 13:49
🔴 上期所燃油主力合约暴跌9% 低硫燃油主力合约大跌5%
   同花顺 | 13:51
🟡 鲁比奥：美国看到伊朗战争的“终点线” - 东方财富
   Google News | 14:00

━━━━━━━━━━━━━━━━━━━━
📊 舆情概览: 共55条 | 🟢4利好 🔴8利空
⏰ 检测时间: 14:00


==================================================
🔥 热门舆情监控 - 14:10:01
==================================================

📰 采集国内新闻...
🌍 采集国际新闻...
🐦 采集社交媒体...
检测到 55 条新闻
热门关键字匹配: 5 条
恐慌预警匹配: 0 条
📝 日志已保存: /root/.openclaw/workspace/reports/sentiment_log_20260401_1410.txt

📤 准备推送...

🟠 高度活跃
📅 2026年04月01日 14:10
━━━━━━━━━━━━━━━━━━━━

🔥 热门关键字 (5条):
🔴 上期所燃油主力合约大跌7% 欧线集运主力合约暴跌11%
   同花顺 | 13:40
🔴 上期所欧线集运主力合约暴跌13%
   同花顺 | 13:49
🔴 上期所燃油主力合约暴跌9% 低硫燃油主力合约大跌5%
   同花顺 | 13:51
🟡 高盛看淡美联储年内加息预期
   同花顺 | 14:04
🟡 鲁比奥：美国看到伊朗战争的“终点线” - 东方财富
   Google News | 14:10

━━━━━━━━━━━━━━━━━━━━
📊 舆情概览: 共55条 | 🟢5利好 🔴8利空
⏰ 检测时间: 14:10


==================================================
🔥 热门舆情监控 - 14:20:01
==================================================

📰 采集国内新闻...
🌍 采集国际新闻...
🐦 采集社交媒体...
检测到 55 条新闻
热门关键字匹配: 4 条
恐慌预警匹配: 0 条
📝 日志已保存: /root/.openclaw/workspace/reports/sentiment_log_20260401_1420.txt

📤 准备推送...

🟡 热门动态
📅 2026年04月01日 14:20
━━━━━━━━━━━━━━━━━━━━

🔥 热门关键字 (4条):
🔴 上期所燃油主力合约大跌7% 欧线集运主力合约暴跌11%
   同花顺 | 13:40
🔴 上期所欧线集运主力合约暴跌13%
   同花顺 | 13:49
🔴 上期所燃油主力合约暴跌9% 低硫燃油主力合约大跌5%
   同花顺 | 13:51
🟡 高盛看淡美联储年内加息预期
   同花顺 | 14:04

━━━━━━━━━━━━━━━━━━━━
📊 舆情概览: 共55条 | 🟢3利好 🔴9利空
⏰ 检测时间: 14:20


==================================================
🔥 热门舆情监控 - 14:30:01
==================================================

📰 采集国内新闻...
🌍 采集国际新闻...
🐦 采集社交媒体...
检测到 55 条新闻
热门关键字匹配: 4 条
恐慌预警匹配: 0 条
📝 日志已保存: /root/.openclaw/workspace/reports/sentiment_log_20260401_1430.txt

📤 准备推送...

🟡 热门动态
📅 2026年04月01日 14:30
━━━━━━━━━━━━━━━━━━━━

🔥 热门关键字 (4条):
🔴 上期所燃油主力合约大跌7% 欧线集运主力合约暴跌11%
   同花顺 | 13:40
🔴 上期所欧线集运主力合约暴跌13%
   同花顺 | 13:49
🔴 上期所燃油主力合约暴跌9% 低硫燃油主力合约大跌5%
   同花顺 | 13:51
🟡 高盛看淡美联储年内加息预期
   同花顺 | 14:04

━━━━━━━━━━━━━━━━━━━━
📊 舆情概览: 共55条 | 🟢3利好 🔴8利空
⏰ 检测时间: 14:30


==================================================
🔥 热门舆情监控 - 14:40:01
==================================================

📰 采集国内新闻...
🌍 采集国际新闻...
🐦 采集社交媒体...
检测到 55 条新闻
热门关键字匹配: 4 条
恐慌预警匹配: 0 条
📝 日志已保存: /root/.openclaw/workspace/reports/sentiment_log_20260401_1440.txt

📤 准备推送...

🟡 热门动态
📅 2026年04月01日 14:40
━━━━━━━━━━━━━━━━━━━━

🔥 热门关键字 (4条):
🔴 上期所燃油主力合约大跌7% 欧线集运主力合约暴跌11%
   同花顺 | 13:40
🔴 上期所欧线集运主力合约暴跌13%
   同花顺 | 13:49
🔴 上期所燃油主力合约暴跌9% 低硫燃油主力合约大跌5%
   同花顺 | 13:51
🟡 高盛看淡美联储年内加息预期
   同花顺 | 14:04

━━━━━━━━━━━━━━━━━━━━
📊 舆情概览: 共55条 | 🟢6利好 🔴10利空
⏰ 检测时间: 14:40


==================================================
🔥 热门舆情监控 - 14:50:01
==================================================

📰 采集国内新闻...
🌍 采集国际新闻...
🐦 采集社交媒体...
检测到 55 条新闻
热门关键字匹配: 6 条
恐慌预警匹配: 2 条
📝 日志已保存: /root/.openclaw/workspace/reports/sentiment_log_20260401_1450.txt

📤 准备推送...

🔴 恐慌舆情
📅 2026年04月01日 14:50
━━━━━━━━━━━━━━━━━━━━

⚠️ 恐慌/异常预警:
🔴 上期所欧线集运主力合约暴跌13%
   来源:同花顺 | 13:49
🔴 上期所燃油主力合约暴跌9% 低硫燃油主力合约大跌5%
   来源:同花顺 | 13:51

🔥 热门关键字 (6条):
🔴 上期所欧线集运主力合约暴跌13%
   同花顺 | 13:49
🔴 上期所燃油主力合约暴跌9% 低硫燃油主力合约大跌5%
   同花顺 | 13:51
🔴 大商所多数能化品种进一步下跌
   同花顺 | 13:52
🔴 上期所低硫燃油主力合约大跌6%
   同花顺 | 14:13
🔴 郑商所甲醇主力合约大跌8% 大商所液化石油气（LPG）主力合约大跌5%
   同花顺 | 14:33
🟡 高盛看淡美联储年内加息预期
   同花顺 | 14:04

━━━━━━━━━━━━━━━━━━━━
📊 舆情概览: 共55条 | 🟢5利好 🔴8利空
⏰ 检测时间: 14:50


==================================================
🔥 热门舆情监控 - 15:00:02
==================================================

📰 采集国内新闻...
🌍 采集国际新闻...
🐦 采集社交媒体...
检测到 55 条新闻
热门关键字匹配: 4 条
恐慌预警匹配: 0 条
📝 日志已保存: /root/.openclaw/workspace/reports/sentiment_log_20260401_1500.txt

📤 准备推送...

🟡 热门动态
📅 2026年04月01日 15:00
━━━━━━━━━━━━━━━━━━━━

🔥 热门关键字 (4条):
🔴 郑商所甲醇主力合约大跌8% 大商所液化石油气（LPG）主力合约大跌5%
   同花顺 | 14:33
🔴 郑商所瓶片主力合约大跌5%
   同花顺 | 14:56
🔴 郑商所短纤主力合约大跌5% 对二甲苯主力合约大跌6%
   同花顺 | 14:58
🟡 俄罗斯欢迎各国买油 日本被排除 制裁后果显现 - 中华军事
   Google News | 15:00

━━━━━━━━━━━━━━━━━━━━
📊 舆情概览: 共55条 | 🟢4利好 🔴9利空
⏰ 检测时间: 15:00


==================================================
🔥 热门舆情监控 - 15:10:02
==================================================

📰 采集国内新闻...
🌍 采集国际新闻...
🐦 采集社交媒体...
检测到 55 条新闻
热门关键字匹配: 4 条
恐慌预警匹配: 0 条
📝 日志已保存: /root/.openclaw/workspace/reports/sentiment_log_20260401_1510.txt

📤 准备推送...

🟡 热门动态
📅 2026年04月01日 15:10
━━━━━━━━━━━━━━━━━━━━

🔥 热门关键字 (4条):
🔴 郑商所瓶片主力合约大跌5%
   同花顺 | 14:56
🔴 郑商所短纤主力合约大跌5% 对二甲苯主力合约大跌6%
   同花顺 | 14:58
🔴 大商所纯苯主力合约大跌8%
   同花顺 | 15:00
🟡 俄罗斯欢迎各国买油 日本被排除 制裁后果显现 - 中华军事
   Google News | 15:10

━━━━━━━━━━━━━━━━━━━━
📊 舆情概览: 共55条 | 🟢2利好 🔴8利空
⏰ 检测时间: 15:10


==================================================
🔥 热门舆情监控 - 15:20:02
==================================================

📰 采集国内新闻...
🌍 采集国际新闻...
🐦 采集社交媒体...
检测到 55 条新闻
热门关键字匹配: 4 条
恐慌预警匹配: 0 条
📝 日志已保存: /root/.openclaw/workspace/reports/sentiment_log_20260401_1520.txt

📤 准备推送...

🟡 热门动态
📅 2026年04月01日 15:20
━━━━━━━━━━━━━━━━━━━━

🔥 热门关键字 (4条):
🔴 郑商所瓶片主力合约大跌5%
   同花顺 | 14:56
🔴 郑商所短纤主力合约大跌5% 对二甲苯主力合约大跌6%
   同花顺 | 14:58
🔴 大商所纯苯主力合约大跌8%
   同花顺 | 15:00
🟡 加拿大财政部部长商鹏飞将访华
   同花顺 | 15:11

━━━━━━━━━━━━━━━━━━━━
📊 舆情概览: 共55条 | 🟢3利好 🔴7利空
⏰ 检测时间: 15:20


==================================================
🔥 热门舆情监控 - 15:30:01
==================================================

📰 采集国内新闻...
🌍 采集国际新闻...
🐦 采集社交媒体...
检测到 55 条新闻
热门关键字匹配: 5 条
恐慌预警匹配: 0 条
📝 日志已保存: /root/.openclaw/workspace/reports/sentiment_log_20260401_1530.txt

📤 准备推送...

🟠 高度活跃
📅 2026年04月01日 15:30
━━━━━━━━━━━━━━━━━━━━

🔥 热门关键字 (5条):
🔴 郑商所短纤主力合约大跌5% 对二甲苯主力合约大跌6%
   同花顺 | 14:58
🔴 大商所纯苯主力合约大跌8%
   同花顺 | 15:00
🟡 加拿大财政部部长商鹏飞将访华
   同花顺 | 15:11
🟡 上期所贵金属及有色金属仓单日报：白银、铜仓单减少
   同花顺 | 15:21
🟡 汇顶发布新一代高性能柔性OLED触控芯片GT9926
   同花顺 | 15:27

━━━━━━━━━━━━━━━━━━━━
📊 舆情概览: 共55条 | 🟢4利好 🔴7利空
⏰ 检测时间: 15:30


==================================================
🔥 热门舆情监控 - 15:40:01
==================================================

📰 采集国内新闻...
🌍 采集国际新闻...
🐦 采集社交媒体...
检测到 55 条新闻
热门关键字匹配: 5 条
恐慌预警匹配: 0 条
📝 日志已保存: /root/.openclaw/workspace/reports/sentiment_log_20260401_1540.txt

📤 准备推送...

🟠 高度活跃
📅 2026年04月01日 15:40
━━━━━━━━━━━━━━━━━━━━

🔥 热门关键字 (5条):
🟢 北汽蓝谷：3月北京新能源汽车产量18652辆，同比增长61.50%
   同花顺 | 15:37
🟡 加拿大财政部部长商鹏飞将访华
   同花顺 | 15:11
🟡 上期所贵金属及有色金属仓单日报：白银、铜仓单减少
   同花顺 | 15:21
🟡 汇顶发布新一代高性能柔性OLED触控芯片GT9926
   同花顺 | 15:27
🟡 美伊战争后 美国中期选举民主党在预测市场上大幅领先
   同花顺 | 15:36

━━━━━━━━━━━━━━━━━━━━
📊 舆情概览: 共55条 | 🟢3利好 🔴4利空
⏰ 检测时间: 15:40


==================================================
🔥 热门舆情监控 - 15:50:01
==================================================

📰 采集国内新闻...
🌍 采集国际新闻...
🐦 采集社交媒体...
检测到 55 条新闻
热门关键字匹配: 4 条
恐慌预警匹配: 0 条
📝 日志已保存: /root/.openclaw/workspace/reports/sentiment_log_20260401_1550.txt

📤 准备推送...

🟡 热门动态
📅 2026年04月01日 15:50
━━━━━━━━━━━━━━━━━━━━

🔥 热门关键字 (4条):
🟢 北汽蓝谷：3月北京新能源汽车产量18652辆，同比增长61.50%
   同花顺 | 15:37
🟡 上期所贵金属及有色金属仓单日报：白银、铜仓单减少
   同花顺 | 15:21
🟡 汇顶发布新一代高性能柔性OLED触控芯片GT9926
   同花顺 | 15:27
🟡 美伊战争后 美国中期选举民主党在预测市场上大幅领先
   同花顺 | 15:36

━━━━━━━━━━━━━━━━━━━━
📊 舆情概览: 共55条 | 🟢3利好 🔴4利空
⏰ 检测时间: 15:50

